Case #1: 1 5
Case #2: 1
Case #3: IMPOSSIBLE
Case #4: 1 2
Case #5: 1 4 7
Case #6: IMPOSSIBLE
Case #7: IMPOSSIBLE
Case #8: IMPOSSIBLE
Case #9: IMPOSSIBLE
Case #10: IMPOSSIBLE
Case #11: 1
Case #12: IMPOSSIBLE
Case #13: 1
Case #14: IMPOSSIBLE
Case #15: 1 2 3 4
Case #16: IMPOSSIBLE
Case #17: IMPOSSIBLE
Case #18: IMPOSSIBLE
Case #19: IMPOSSIBLE
Case #20: 1 20737 41473 62209 82945 103681 124417 145153 165889 186625 207361 228097
Case #21: IMPOSSIBLE
Case #22: IMPOSSIBLE
Case #23: IMPOSSIBLE
Case #24: 1 5559060566555525 11118121133111049 16677181699666573 22236242266222097 27795302832777621 33354363399333145 38913423965888669 44472484532444193 50031545098999717 55590605665555241 61149666232110765 66708726798666289 72267787365221813 77826847931777337 83385908498332861 88944969064888385 94504029631443909 100063090197999433 105622150764554957 111181211331110481 116740271897666005 122299332464221529 127858393030777053 133417453597332577 138976514163888101 144535574730443625
Case #25: 1
Case #26: IMPOSSIBLE
Case #27: 1 2 3 4 5 6 7 8 9 10 11 12 13 14 15 16 17 18 19 20 21 22 23 24 25 26 27 28 29 30 31 32 33 34 35 36 37 38 39 40 41 42 43 44 45 46 47 48 49 50 51 52 53 54 55 56 57 58 59 60 61 62 63 64 65 66 67 68 69 70 71 72 73 74 75 76 77 78 79 80 81 82 83 84 85 86 87 88 89 90 91 92 93 94 95 96 97 98 99 100
Case #28: IMPOSSIBLE
Case #29: 1
Case #30: IMPOSSIBLE
Case #31: IMPOSSIBLE
Case #32: 1 2 3 4 5 6 7 8 9 10 11 12 13 14 15 16 17 18 19 20 21 22 23 24 25 26 27 28 29
Case #33: IMPOSSIBLE
Case #34: IMPOSSIBLE
Case #35: 1 2 3
Case #36: IMPOSSIBLE
Case #37: IMPOSSIBLE
Case #38: IMPOSSIBLE
Case #39: IMPOSSIBLE
Case #40: IMPOSSIBLE
Case #41: IMPOSSIBLE
Case #42: 1 43046722 86093443
Case #43: IMPOSSIBLE
Case #44: IMPOSSIBLE
Case #45: IMPOSSIBLE
Case #46: IMPOSSIBLE
Case #47: 1
Case #48: IMPOSSIBLE
Case #49: IMPOSSIBLE
Case #50: 1
Case #51: IMPOSSIBLE
Case #52: IMPOSSIBLE
Case #53: IMPOSSIBLE
Case #54: IMPOSSIBLE
Case #55: IMPOSSIBLE
Case #56: IMPOSSIBLE
Case #57: IMPOSSIBLE
Case #58: IMPOSSIBLE
Case #59: IMPOSSIBLE
Case #60: 1 2 3 4 5 6 7 8 9 10 11 12 13 14 15 16 17 18 19 20 21 22 23 24 25 26 27 28 29 30 31 32 33 34 35 36 37 38 39 40 41 42 43 44 45 46 47 48 49 50 51 52 53 54 55 56 57 58 59 60 61 62 63 64 65 66 67 68 69 70 71 72 73 74 75 76 77 78 79 80 81 82 83 84 85 86 87
Case #61: IMPOSSIBLE
Case #62: IMPOSSIBLE
Case #63: IMPOSSIBLE
Case #64: IMPOSSIBLE
Case #65: IMPOSSIBLE
Case #66: IMPOSSIBLE
Case #67: IMPOSSIBLE
Case #68: IMPOSSIBLE
Case #69: IMPOSSIBLE
Case #70: IMPOSSIBLE
Case #71: IMPOSSIBLE
Case #72: IMPOSSIBLE
Case #73: IMPOSSIBLE
Case #74: IMPOSSIBLE
Case #75: IMPOSSIBLE
Case #76: 1
Case #77: IMPOSSIBLE
Case #78: 1
Case #79: IMPOSSIBLE
Case #80: IMPOSSIBLE
Case #81: 1
Case #82: IMPOSSIBLE
Case #83: IMPOSSIBLE
Case #84: IMPOSSIBLE
Case #85: IMPOSSIBLE
Case #86: IMPOSSIBLE
Case #87: IMPOSSIBLE
Case #88: 1 22876792454962 45753584909923 68630377364884 91507169819845 114383962274806 137260754729767 160137547184728 183014339639689
Case #89: IMPOSSIBLE
Case #90: IMPOSSIBLE
Case #91: IMPOSSIBLE
Case #92: IMPOSSIBLE
Case #93: IMPOSSIBLE
Case #94: 1
Case #95: IMPOSSIBLE
Case #96: IMPOSSIBLE
Case #97: 1
Case #98: IMPOSSIBLE
Case #99: IMPOSSIBLE
Case #100: IMPOSSIBLE
